<?xml version="1.0" encoding="UTF-8"?>
<testng-results skipped="0" failed="0" total="1" passed="1">
  <reporter-output>
  </reporter-output>
  <suite name="Suite" duration-ms="17078" started-at="2020-03-01T15:57:41Z" finished-at="2020-03-01T15:57:58Z">
    <groups>
      <group name="cucumber">
        <method signature="AbstractTestNGCucumberTests.feature(cucumber.api.testng.CucumberFeatureWrapper)[pri:0, instance:bdd.runners.RunnerClass@337d0578]" name="feature" class="cucumber.api.testng.AbstractTestNGCucumberTests"/>
      </group> <!-- cucumber -->
    </groups>
    <test name="Test" duration-ms="17078" started-at="2020-03-01T15:57:41Z" finished-at="2020-03-01T15:57:58Z">
      <class name="bdd.runners.RunnerClass">
        <test-method status="PASS" signature="setUpClass()[pri:0, instance:bdd.runners.RunnerClass@337d0578]" name="setUpClass" is-config="true" duration-ms="469" started-at="2020-03-01T10:57:41Z" finished-at="2020-03-01T10:57:42Z">
          <reporter-output>
          </reporter-output>
        </test-method> <!-- setUpClass -->
        <test-method status="PASS" signature="feature(cucumber.api.testng.CucumberFeatureWrapper)[pri:0, instance:bdd.runners.RunnerClass@337d0578]" name="feature" duration-ms="15657" started-at="2020-03-01T10:57:42Z" description="Runs Cucumber Feature" data-provider="features" finished-at="2020-03-01T10:57:57Z">
          <params>
            <param index="0">
              <value>
                <![CDATA[Users ability to search in google]]>
              </value>
            </param>
          </params>
          <reporter-output>
          </reporter-output>
        </test-method> <!-- feature -->
        <test-method status="PASS" signature="writeExtentReport()[pri:0, instance:bdd.runners.RunnerClass@337d0578]" name="writeExtentReport" is-config="true" duration-ms="47" started-at="2020-03-01T10:57:57Z" finished-at="2020-03-01T10:57:58Z">
          <reporter-output>
          </reporter-output>
        </test-method> <!-- writeExtentReport -->
        <test-method status="PASS" signature="tearDownClass()[pri:0, instance:bdd.runners.RunnerClass@337d0578]" name="tearDownClass" is-config="true" duration-ms="687" started-at="2020-03-01T10:57:58Z" finished-at="2020-03-01T10:57:58Z">
          <reporter-output>
          </reporter-output>
        </test-method> <!-- tearDownClass -->
      </class> <!-- bdd.runners.RunnerClass -->
    </test> <!-- Test -->
  </suite> <!-- Suite -->
</testng-results>
